Event: PM2 Error Count | Metric: 10 | Timestamp: 2025-01-07 13:04:29
Event: PM2 Error Count | Metric: 10 | Timestamp: 2025-01-07 13:04:36
Event: PM2 Error Count | Metric: 10 | Timestamp: 2025-01-07 13:04:49
Event: PM2 Error Count | Metric: 10 | Timestamp: 2025-01-07 13:05:01
Event: PM2 Error Count | Metric: 10 | Timestamp: 2025-01-07 13:05:05
Event: PM2 Error Count | Metric: 10 | Timestamp: 2025-01-07 13:06:01
Event: PM2 Error Count | Metric: 10 | Timestamp: 2025-01-07 13:06:46
Event: PM2 Error Count | Metric: 10 | Timestamp: 2025-01-07 13:07:01
Event: PM2 Error Count | Metric: 10 | Timestamp: 2025-01-07 13:08:01
Event: PM2 Error Count | Metric: 10 | Timestamp: 2025-01-07 13:09:01
Event: PM2 Error Count | Metric: 10 | Timestamp: 2025-01-07 13:10:01
Event: PM2 Error Count | Metric: 10 | Timestamp: 2025-01-07 13:11:01
Event: PM2 Error Count | Metric: 10 | Timestamp: 2025-01-07 13:12:01
Event: PM2 Error Count | Metric: 10 | Timestamp: 2025-01-07 13:13:01
Event: PM2 Error Count | Metric: 10 | Timestamp: 2025-01-07 13:14:01
Event: PM2 Error Count | Metric: 10 | Timestamp: 2025-01-07 13:15:01
Event: PM2 Error Count | Metric: 10 | Timestamp: 2025-01-07 13:16:01
Event: PM2 Error Count | Metric: 10 | Timestamp: 2025-01-07 13:17:01
Event: PM2 Error Count | Metric: 10 | Timestamp: 2025-01-07 13:18:01
Event: PM2 Error Count | Metric: 10 | Timestamp: 2025-01-07 13:19:01
Event: PM2 Error Count | Metric: 10 | Timestamp: 2025-01-07 13:20:01
Event: PM2 Error Count | Metric: 10 | Timestamp: 2025-01-07 13:21:01
Event: PM2 Error Count | Metric: 10 | Timestamp: 2025-01-07 13:22:02
Event: PM2 Error Count | Metric: 10 | Timestamp: 2025-01-07 13:23:01
Event: PM2 Error Count | Metric: 10 | Timestamp: 2025-01-07 13:23:09
Event: PM2 Error Count | Metric: 10 | Timestamp: 2025-01-07 13:23:35
Event: PM2 Error Count | Metric: 10 | Timestamp: 2025-01-07 13:23:37
Event: PM2 Error Count | Metric: 10 | Timestamp: 2025-01-07 13:23:38
Event: PM2 Error Count | Metric: 10 | Timestamp: 2025-01-07 13:23:38
Event: PM2 Error Count | Metric: 10 | Timestamp: 2025-01-07 13:23:39
Event: PM2 Error Count | Metric: 10 | Timestamp: 2025-01-07 13:23:51
Event: PM2 Error Count | Metric: 10 | Timestamp: 2025-01-07 13:23:52
Event: PM2 Error Count | Metric: 10 | Timestamp: 2025-01-07 13:23:53
Event: PM2 Error Count | Metric: 10 | Timestamp: 2025-01-07 13:23:53
Event: PM2 Error Count | Metric: 10 | Timestamp: 2025-01-07 13:23:54
Event: PM2 Error Count | Metric: 10 | Timestamp: 2025-01-07 13:23:56
Event: PM2 Error Count | Metric: 10 | Timestamp: 2025-01-07 13:24:00
Event: PM2 Error Count | Metric: 10 | Timestamp: 2025-01-07 13:24:01
Event: PM2 Error Count | Metric: 10 | Timestamp: 2025-01-07 13:24:02
Event: PM2 Error Count | Metric: 10 | Timestamp: 2025-01-07 13:24:03
Event: PM2 Error Count | Metric: 10 | Timestamp: 2025-01-07 13:25:01
Event: PM2 Error Count | Metric: 10 | Timestamp: 2025-01-07 13:26:01
Event: PM2 Error Count | Metric: 10 | Timestamp: 2025-01-07 13:27:01
Event: PM2 Error Count | Metric: 10 | Timestamp: 2025-01-07 13:28:01
Event: PM2 Error Count | Metric: 10 | Timestamp: 2025-01-07 13:29:01
Event: PM2 Error Count | Metric: 10 | Timestamp: 2025-01-07 13:30:01
Event: PM2 Error Count | Metric: 10 | Timestamp: 2025-01-07 13:31:01
Event: PM2 Error Count | Metric: 10 | Timestamp: 2025-01-07 13:32:01
Event: PM2 Error Count | Metric: 10 | Timestamp: 2025-01-07 13:33:01
Event: PM2 Error Count | Metric: 10 | Timestamp: 2025-01-07 13:34:01
Event: PM2 Log Data | Log Data:  | Timestamp: 2025-01-07 13:34:37
Event: PM2 Log Data | Log Data:  | Timestamp: 2025-01-07 13:35:01
Event: PM2 Log Data | Log Data:  | Timestamp: 2025-01-07 13:35:17
Event: PM2 Log Data | Log Data:  | Timestamp: 2025-01-07 13:36:01
Event: PM2 Log Data | Log Data:  | Timestamp: 2025-01-07 13:37:01
Event: PM2 Log Data | Log Data:  | Timestamp: 2025-01-07 13:38:01
Event: PM2 Log Data | Log Data:  | Timestamp: 2025-01-07 13:39:01
Event: PM2 Log Data | Log Data:  | Timestamp: 2025-01-07 13:40:01
Event: PM2 Log Data | Log Data:  | Timestamp: 2025-01-07 13:41:01
Event: PM2 Error Count | Metric: 10 | Timestamp: 2025-01-07 13:50:01
Event: PM2 Error Count | Metric: 10 | Timestamp: 2025-01-07 13:50:02
Event: PM2 Error Count | Metric: 10 | Timestamp: 2025-01-07 13:51:02
Event: PM2 Error Count | Metric: 10 | Timestamp: 2025-01-07 13:52:01
Event: PM2 Error Count | Metric: 10 | Timestamp: 2025-01-07 13:53:01
Event: PM2 Error Count | Metric: 10 | Timestamp: 2025-01-07 13:54:01
Event: PM2 Error Count | Metric: 10 | Timestamp: 2025-01-07 13:55:01
Event: PM2 Error Count | Metric: 10 | Timestamp: 2025-01-07 13:55:34
Event: PM2 Error Count | Metric: 10 | Timestamp: 2025-01-07 13:56:01
Event: PM2 Error Count | Metric: 10 | Timestamp: 2025-01-07 13:57:01
Event: PM2 Error Count | Metric: 10 | Timestamp: 2025-01-07 13:58:01
Event: PM2 Error Count | Metric: 10 | Timestamp: 2025-01-07 13:59:01
Event: PM2 Error Count | Metric: 10 | Timestamp: 2025-01-07 14:00:01
Event: PM2 Error Count | Metric: 10 | Timestamp: 2025-01-07 14:01:01
Event: PM2 Error Count | Metric: 10 | Timestamp: 2025-01-07 14:02:01
Event: PM2 Error Count | Metric: 10 | Timestamp: 2025-01-07 14:03:01
Event: PM2 Error Count | Metric: 10 | Timestamp: 2025-01-07 14:03:48
Event: PM2 Error Count | Metric: 10 | Timestamp: 2025-01-07 14:04:01
Event: PM2 Error Count | Metric: 10 | Timestamp: 2025-01-07 14:05:01
Event: PM2 Error Count | Metric: 10 | Timestamp: 2025-01-07 14:06:01
Event: PM2 Error Count | Metric: 10 | Timestamp: 2025-01-07 14:07:01
Event: PM2 Error Count | Metric: 10 | Timestamp: 2025-01-07 14:08:01
Event: PM2 Error Count | Metric: 10 | Timestamp: 2025-01-07 14:09:01
Event: PM2 Error Count | Metric: 10 | Timestamp: 2025-01-07 14:10:01
Event: PM2 Error Count | Metric: 10 | Timestamp: 2025-01-07 14:11:01
Event: PM2 Error Count | Metric: 10 | Timestamp: 2025-01-07 14:12:01
Event: PM2 Error Count | Metric: 10 | Timestamp: 2025-01-07 14:13:01
Event: PM2 Error Count | Metric: 10 | Timestamp: 2025-01-07 14:14:01
Event: PM2 Error Count | Metric: 10 | Timestamp: 2025-01-07 14:15:01
Event: PM2 Error Count | Metric: 10 | Timestamp: 2025-01-07 14:16:01
Event: PM2 Error Count | Metric: 10 | Timestamp: 2025-01-07 14:17:01
Event: PM2 Error Count | Metric: 10 | Timestamp: 2025-01-07 14:18:01
Event: PM2 Error Count | Metric: 10 | Timestamp: 2025-01-07 14:19:01
Event: PM2 Error Count | Metric: 10 | Timestamp: 2025-01-07 14:20:01
Event: PM2 Error Count | Metric: 10 | Timestamp: 2025-01-07 14:21:01
Event: PM2 Error Count | Metric: 10 | Timestamp: 2025-01-07 14:22:01
Event: PM2 Error Count | Metric: 10 | Timestamp: 2025-01-07 14:23:01
Event: PM2 Error Count | Metric: 10 | Timestamp: 2025-01-07 14:24:01
Event: PM2 Error Count | Metric: 10 | Timestamp: 2025-01-07 14:25:01
Event: PM2 Error Count | Metric: 10 | Timestamp: 2025-01-07 14:26:01
Event: PM2 Error Count | Metric: 10 | Timestamp: 2025-01-07 14:27:01
Event: PM2 Error Count | Metric: 10 | Timestamp: 2025-01-08 05:33:02
Event: PM2 Error Count | Metric: 10 | Timestamp: 2025-01-08 05:34:01
Event: PM2 Error Count | Metric: 10 | Timestamp: 2025-01-08 05:35:01
Event: PM2 Error Count | Metric: 10 | Timestamp: 2025-01-08 05:36:01
Event: PM2 Error Count | Metric: 10 | Timestamp: 2025-01-08 05:37:01
Event: PM2 Error Count | Metric: 10 | Timestamp: 2025-01-08 05:38:01
Event: PM2 Error Count | Metric: 10 | Timestamp: 2025-01-08 05:39:01
Event: PM2 Error Count | Metric: 10 | Timestamp: 2025-01-08 05:40:01
Event: PM2 Error Count | Metric: 10 | Timestamp: 2025-01-08 05:40:20
Event: PM2 Error Count | Metric: 10 | Timestamp: 2025-01-08 05:41:01
Event: PM2 Error Count | Metric: 10 | Timestamp: 2025-01-08 05:42:01
Event: PM2 Error Count | Metric: 10 | Timestamp: 2025-01-08 05:42:33
Event: PM2 Error Count | Metric: 10 | Timestamp: 2025-01-08 05:43:01
Event: PM2 Error Count | Metric: 10 | Timestamp: 2025-01-08 05:44:01
Event: PM2 Error Count | Metric: 10 | Timestamp: 2025-01-08 05:45:01
Event: PM2 Error Count | Metric: 10 | Timestamp: 2025-01-08 05:46:01
Event: PM2 Error Count | Metric: 10 | Timestamp: 2025-01-08 05:47:01
Event: PM2 Error Count | Metric: 10 | Timestamp: 2025-01-08 05:48:01
Event: PM2 Error Count | Metric: 10 | Timestamp: 2025-01-08 05:48:48
Event: PM2 Error Count | Metric: 10 | Timestamp: 2025-01-08 05:49:01
Event: UserLoggedIn | Properties: {"username":"muneeb"} | Timestamp: 2025-01-08 05:49:41
Metric: PageLoadTime | Value: 1.23 | Timestamp: 2025-01-08 05:49:41
Message: Application started successfully. | Severity: 1 | Timestamp: 2025-01-08 05:49:41
Event: PM2 Error Count | Metric: 10 | Timestamp: 2025-01-08 05:50:01
Event: UserLoggedIn | Properties: {"username":"muneeb"} | Timestamp: 2025-01-08 05:50:34
Metric: PageLoadTime | Value: 1.23 | Timestamp: 2025-01-08 05:50:34
Message: Application started successfully. | Severity: 1 | Timestamp: 2025-01-08 05:50:34
Event: PM2 Error Count | Metric: 10 | Timestamp: 2025-01-08 05:51:01
Event: PM2 Error Count | Metric: 10 | Timestamp: 2025-01-08 05:52:01
Event: PM2 Error Count | Metric: 10 | Timestamp: 2025-01-08 05:53:01
Event: PM2 Error Count | Metric: 10 | Timestamp: 2025-01-08 05:54:01
Event: PM2 Error Count | Metric: 10 | Timestamp: 2025-01-08 05:55:01
Event: PM2 Error Count | Metric: 10 | Timestamp: 2025-01-08 05:56:01
Event: PM2 Error Count | Metric: 10 | Timestamp: 2025-01-08 05:57:01
Event: PM2 Error Count | Metric: 10 | Timestamp: 2025-01-08 05:58:01
Event: PM2 Error Count | Metric: 10 | Timestamp: 2025-01-08 05:59:01
Event: PM2 Error Count | Metric: 10 | Timestamp: 2025-01-08 06:00:01
Event: PM2 Error Count | Metric: 10 | Timestamp: 2025-01-08 06:01:02
Event: PM2 Error Count | Metric: 10 | Timestamp: 2025-01-08 06:02:01
Event: PM2 Error Count | Metric: 10 | Timestamp: 2025-01-08 06:03:01
Event: PM2 Error Count | Metric: 10 | Timestamp: 2025-01-08 06:04:01
Event: PM2 Error Count | Metric: 10 | Timestamp: 2025-01-08 06:05:01
Event: PM2 Error Count | Metric: 10 | Timestamp: 2025-01-08 06:06:01
Event: PM2 Error Count | Metric: 10 | Timestamp: 2025-01-08 06:07:01
Event: PM2 Error Count | Metric: 10 | Timestamp: 2025-01-08 06:08:01
Event: PM2 Error Count | Metric: 10 | Timestamp: 2025-01-08 06:09:01
Event: PM2 Error Count | Metric: 10 | Timestamp: 2025-01-08 06:10:01
Event: PM2 Error Count | Metric: 10 | Timestamp: 2025-01-08 06:11:01
Event: PM2 Error Count | Metric: 10 | Timestamp: 2025-01-08 06:12:01
Event: PM2 Error Count | Metric: 10 | Timestamp: 2025-01-08 06:13:01
Event: PM2 Error Count | Metric: 10 | Timestamp: 2025-01-08 06:14:01
Event: PM2 Error Count | Metric: 10 | Timestamp: 2025-01-08 06:15:01
Event: PM2 Error Count | Metric: 10 | Timestamp: 2025-01-08 06:16:01
Event: PM2 Error Count | Metric: 10 | Timestamp: 2025-01-08 06:17:01
Event: PM2 Error Count | Metric: 10 | Timestamp: 2025-01-08 06:18:01
Event: PM2 Error Count | Metric: 10 | Timestamp: 2025-01-08 06:19:01
Event: PM2 Error Count | Metric: 10 | Timestamp: 2025-01-08 06:20:01
Event: PM2 Error Count | Metric: 10 | Timestamp: 2025-01-08 06:21:01
Event: PM2 Error Count | Metric: 10 | Timestamp: 2025-01-08 06:22:01
Event: PM2 Error Count | Metric: 10 | Timestamp: 2025-01-08 06:23:01
Event: PM2 Error Count | Metric: 10 | Timestamp: 2025-01-08 06:24:01
Event: PM2 Error Count | Metric: 10 | Timestamp: 2025-01-08 06:25:01
Event: PM2 Error Count | Metric: 10 | Timestamp: 2025-01-08 06:26:01
Event: PM2 Error Count | Metric: 10 | Timestamp: 2025-01-08 06:27:01
Event: PM2 Error Count | Metric: 10 | Timestamp: 2025-01-08 06:28:01
Event: PM2 Error Count | Metric: 10 | Timestamp: 2025-01-08 06:29:01
Event: PM2 Error Count | Metric: 10 | Timestamp: 2025-01-08 06:30:01
Event: PM2 Error Count | Metric: 10 | Timestamp: 2025-01-08 06:31:01
Event: PM2 Error Count | Metric: 10 | Timestamp: 2025-01-08 06:32:01
Event: PM2 Error Count | Metric: 10 | Timestamp: 2025-01-08 06:33:01
Event: PM2 Error Count | Metric: 10 | Timestamp: 2025-01-08 06:34:02
Event: PM2 Error Count | Metric: 10 | Timestamp: 2025-01-08 06:35:01
[2025-01-08 06:35:22] Starting telemetry monitoring...
[2025-01-08 06:35:22] PM2 Errors: 10, Exceptions: 32
[2025-01-08 06:35:22] CPU Usage: 0.0%, Memory Usage: 29824 KB
[2025-01-08 06:35:22] Application Events - Started: 0, Stopped: 0, Restarted: 0
[2025-01-08 06:35:22] Telemetry monitoring completed.
[2025-01-08 06:35:41] Starting telemetry monitoring...
[2025-01-08 06:35:41] PM2 Errors: 10, Exceptions: 32
[2025-01-08 06:35:41] CPU Usage: 0.0%, Memory Usage: 29824 KB
[2025-01-08 06:35:41] Application Events - Started: 0, Stopped: 0, Restarted: 0
[2025-01-08 06:35:41] Telemetry monitoring completed.
[2025-01-08 06:36:01] Starting telemetry monitoring...
[2025-01-08 06:36:01] PM2 Errors: 10, Exceptions: 32
[2025-01-08 06:36:01] CPU Usage: 0.0%, Memory Usage: 29824 KB
[2025-01-08 06:36:01] Application Events - Started: 0, Stopped: 0, Restarted: 0
[2025-01-08 06:36:01] Telemetry monitoring completed.
[2025-01-08 06:37:01] Starting telemetry monitoring...
[2025-01-08 06:37:01] PM2 Errors: 10, Exceptions: 32
[2025-01-08 06:37:01] CPU Usage: 0.0%, Memory Usage: 29824 KB
[2025-01-08 06:37:01] Application Events - Started: 0, Stopped: 0, Restarted: 0
[2025-01-08 06:37:01] Telemetry monitoring completed.
[2025-01-08 06:38:01] Starting telemetry monitoring...
[2025-01-08 06:38:01] PM2 Errors: 10, Exceptions: 32
[2025-01-08 06:38:01] CPU Usage: 0.0%, Memory Usage: 29824 KB
[2025-01-08 06:38:01] Application Events - Started: 0, Stopped: 0, Restarted: 0
[2025-01-08 06:38:01] Telemetry monitoring completed.
[2025-01-08 06:39:01] Starting telemetry monitoring...
[2025-01-08 06:39:01] PM2 Errors: 10, Exceptions: 32
[2025-01-08 06:39:01] CPU Usage: 0.0%, Memory Usage: 29824 KB
[2025-01-08 06:39:01] Application Events - Started: 0, Stopped: 0, Restarted: 0
[2025-01-08 06:39:01] Telemetry monitoring completed.
[2025-01-08 06:40:01] Starting telemetry monitoring...
[2025-01-08 06:40:01] PM2 Errors: 10, Exceptions: 32
[2025-01-08 06:40:01] CPU Usage: 0.0%, Memory Usage: 29824 KB
[2025-01-08 06:40:01] Application Events - Started: 0, Stopped: 0, Restarted: 0
[2025-01-08 06:40:01] Telemetry monitoring completed.
[2025-01-08 06:40:08] Starting telemetry monitoring...
[2025-01-08 06:40:08] PM2 Errors: 10, Exceptions: 32
[2025-01-08 06:40:08] CPU Usage: 0.0%, Memory Usage: 29824 KB
[2025-01-08 06:40:08] Application Events - Started: 0, Stopped: 0, Restarted: 0
[2025-01-08 06:40:08] Telemetry monitoring completed.
[2025-01-08 06:41:01] Starting telemetry monitoring...
[2025-01-08 06:41:01] PM2 Errors: 10, Exceptions: 32
[2025-01-08 06:41:01] CPU Usage: 0.0%, Memory Usage: 29824 KB
[2025-01-08 06:41:01] Application Events - Started: 0, Stopped: 0, Restarted: 0
[2025-01-08 06:41:01] Telemetry monitoring completed.
[2025-01-08 06:42:01] Starting telemetry monitoring...
[2025-01-08 06:42:01] PM2 Errors: 10, Exceptions: 32
[2025-01-08 06:42:01] CPU Usage: 0.0%, Memory Usage: 29824 KB
[2025-01-08 06:42:01] Application Events - Started: 0, Stopped: 0, Restarted: 0
[2025-01-08 06:42:01] Telemetry monitoring completed.
[2025-01-08 06:43:01] Starting telemetry monitoring...
[2025-01-08 06:43:01] PM2 Errors: 10, Exceptions: 32
[2025-01-08 06:43:01] CPU Usage: 0.0%, Memory Usage: 29824 KB
[2025-01-08 06:43:01] Application Events - Started: 0, Stopped: 0, Restarted: 0
[2025-01-08 06:43:01] Telemetry monitoring completed.
[2025-01-08 06:44:01] Starting telemetry monitoring...
[2025-01-08 06:44:01] PM2 Errors: 10, Exceptions: 32
[2025-01-08 06:44:01] CPU Usage: 0.0%, Memory Usage: 29824 KB
[2025-01-08 06:44:01] Application Events - Started: 0, Stopped: 0, Restarted: 0
[2025-01-08 06:44:01] Telemetry monitoring completed.
[2025-01-08 06:45:01] Starting telemetry monitoring...
[2025-01-08 06:45:01] PM2 Errors: 10, Exceptions: 32
[2025-01-08 06:45:01] CPU Usage: 0.0%, Memory Usage: 29824 KB
[2025-01-08 06:45:01] Application Events - Started: 0, Stopped: 0, Restarted: 0
[2025-01-08 06:45:01] Telemetry monitoring completed.
[2025-01-08 06:46:01] Starting telemetry monitoring...
[2025-01-08 06:46:01] PM2 Errors: 10, Exceptions: 32
[2025-01-08 06:46:01] CPU Usage: 0.0%, Memory Usage: 29824 KB
[2025-01-08 06:46:01] Application Events - Started: 0, Stopped: 0, Restarted: 0
[2025-01-08 06:46:01] Telemetry monitoring completed.
[2025-01-08 06:47:01] Starting telemetry monitoring...
[2025-01-08 06:47:01] PM2 Errors: 10, Exceptions: 32
[2025-01-08 06:47:01] CPU Usage: 0.0%, Memory Usage: 29824 KB
[2025-01-08 06:47:01] Application Events - Started: 0, Stopped: 0, Restarted: 0
[2025-01-08 06:47:01] Telemetry monitoring completed.
[2025-01-08 06:47:50] Starting telemetry monitoring...
[2025-01-08 06:47:50] PM2 (php-server) Errors: 10, Exceptions: 32
[2025-01-08 06:47:50] CPU Usage: 0.0%, Memory Usage: 29824 KB
[2025-01-08 06:47:50] Application Events - Started: 0, Stopped: 0, Restarted: 0
[2025-01-08 06:47:50] Telemetry monitoring completed.
[2025-01-08 06:48:01] Starting telemetry monitoring...
[2025-01-08 06:48:01] PM2 (php-server) Errors: 10, Exceptions: 32
[2025-01-08 06:48:01] CPU Usage: 0.0%, Memory Usage: 29824 KB
[2025-01-08 06:48:01] Application Events - Started: 0, Stopped: 0, Restarted: 0
[2025-01-08 06:48:01] Telemetry monitoring completed.
[2025-01-08 06:49:01] Starting telemetry monitoring...
[2025-01-08 06:49:01] PM2 (php-server) Errors: 10, Exceptions: 32
[2025-01-08 06:49:01] CPU Usage: 0.0%, Memory Usage: 29824 KB
[2025-01-08 06:49:01] Application Events - Started: 0, Stopped: 0, Restarted: 0
[2025-01-08 06:49:01] Telemetry monitoring completed.
[2025-01-08 06:50:01] Starting telemetry monitoring...
[2025-01-08 06:50:01] PM2 (php-server) Errors: 10, Exceptions: 32
[2025-01-08 06:50:01] CPU Usage: 0.0%, Memory Usage: 29824 KB
[2025-01-08 06:50:01] Application Events - Started: 0, Stopped: 0, Restarted: 0
[2025-01-08 06:50:01] Telemetry monitoring completed.
[2025-01-08 06:51:01] Starting telemetry monitoring...
[2025-01-08 06:51:01] PM2 (php-server) Errors: 10, Exceptions: 32
[2025-01-08 06:51:01] CPU Usage: 0.0%, Memory Usage: 29824 KB
[2025-01-08 06:51:01] Application Events - Started: 0, Stopped: 0, Restarted: 0
[2025-01-08 06:51:01] Telemetry monitoring completed.
[2025-01-08 06:52:01] Starting telemetry monitoring...
[2025-01-08 06:52:01] PM2 (php-server) Errors: 10, Exceptions: 32
[2025-01-08 06:52:01] CPU Usage: 0.0%, Memory Usage: 29824 KB
[2025-01-08 06:52:01] Application Events - Started: 0, Stopped: 0, Restarted: 0
[2025-01-08 06:52:01] Telemetry monitoring completed.
[2025-01-08 06:53:01] Starting telemetry monitoring...
[2025-01-08 06:53:01] PM2 (php-server) Errors: 10, Exceptions: 32
[2025-01-08 06:53:01] CPU Usage: 0.0%, Memory Usage: 29824 KB
[2025-01-08 06:53:01] Application Events - Started: 0, Stopped: 0, Restarted: 0
[2025-01-08 06:53:01] Telemetry monitoring completed.
[2025-01-08 06:54:01] Starting telemetry monitoring...
[2025-01-08 06:54:01] PM2 (php-server) Errors: 10, Exceptions: 32
[2025-01-08 06:54:01] CPU Usage: 0.0%, Memory Usage: 29824 KB
[2025-01-08 06:54:01] Application Events - Started: 0, Stopped: 0, Restarted: 0
[2025-01-08 06:54:01] Telemetry monitoring completed.
[2025-01-08 06:55:01] Starting telemetry monitoring...
[2025-01-08 06:55:01] PM2 (php-server) Errors: 10, Exceptions: 32
[2025-01-08 06:55:01] CPU Usage: 0.0%, Memory Usage: 29824 KB
[2025-01-08 06:55:01] Application Events - Started: 0, Stopped: 0, Restarted: 0
[2025-01-08 06:55:01] Telemetry monitoring completed.
[2025-01-08 06:56:01] Starting telemetry monitoring...
[2025-01-08 06:56:01] PM2 (php-server) Errors: 10, Exceptions: 32
[2025-01-08 06:56:01] CPU Usage: 0.0%, Memory Usage: 29824 KB
[2025-01-08 06:56:01] Application Events - Started: 0, Stopped: 0, Restarted: 0
[2025-01-08 06:56:01] Telemetry monitoring completed.
[2025-01-08 06:57:01] Starting telemetry monitoring...
[2025-01-08 06:57:01] PM2 (php-server) Errors: 10, Exceptions: 32
[2025-01-08 06:57:01] CPU Usage: 0.0%, Memory Usage: 29824 KB
[2025-01-08 06:57:01] Application Events - Started: 0, Stopped: 0, Restarted: 0
[2025-01-08 06:57:01] Telemetry monitoring completed.
[2025-01-08 06:58:01] Starting telemetry monitoring...
[2025-01-08 06:58:01] PM2 (php-server) Errors: 10, Exceptions: 32
[2025-01-08 06:58:01] CPU Usage: 0.0%, Memory Usage: 29824 KB
[2025-01-08 06:58:01] Application Events - Started: 0, Stopped: 0, Restarted: 0
[2025-01-08 06:58:01] Telemetry monitoring completed.
[2025-01-08 06:59:01] Starting telemetry monitoring...
[2025-01-08 06:59:01] PM2 (php-server) Errors: 10, Exceptions: 32
[2025-01-08 06:59:01] CPU Usage: 0.0%, Memory Usage: 29824 KB
[2025-01-08 06:59:01] Application Events - Started: 0, Stopped: 0, Restarted: 0
[2025-01-08 06:59:01] Telemetry monitoring completed.
[2025-01-08 07:00:01] Starting telemetry monitoring...
[2025-01-08 07:00:01] PM2 (php-server) Errors: 10, Exceptions: 32
[2025-01-08 07:00:01] CPU Usage: 0.0%, Memory Usage: 29824 KB
[2025-01-08 07:00:01] Application Events - Started: 0, Stopped: 0, Restarted: 0
[2025-01-08 07:00:01] Telemetry monitoring completed.
[2025-01-08 07:01:01] Starting telemetry monitoring...
[2025-01-08 07:01:01] PM2 (php-server) Errors: 10, Exceptions: 32
[2025-01-08 07:01:01] CPU Usage: 0.0%, Memory Usage: 29824 KB
[2025-01-08 07:01:01] Application Events - Started: 0, Stopped: 0, Restarted: 0
[2025-01-08 07:01:01] Telemetry monitoring completed.
[2025-01-08 07:02:01] Starting telemetry monitoring...
[2025-01-08 07:02:01] PM2 (php-server) Errors: 10, Exceptions: 32
[2025-01-08 07:02:01] CPU Usage: 0.0%, Memory Usage: 29824 KB
[2025-01-08 07:02:01] Application Events - Started: 0, Stopped: 0, Restarted: 0
[2025-01-08 07:02:01] Telemetry monitoring completed.
[2025-01-08 07:11:01] Starting telemetry monitoring...
[2025-01-08 07:11:03] PM2 (php-server) Errors: 10, Exceptions: 32
[2025-01-08 07:11:04] CPU Usage: 0.0%, Memory Usage: 29824 KB
[2025-01-08 07:11:06] Application Events - Started: 0, Stopped: 0, Restarted: 0
[2025-01-08 07:11:07] Telemetry monitoring completed.
[2025-01-08 07:11:24] Starting telemetry monitoring...
[2025-01-08 07:11:25] PM2 (php-server) Errors: 10, Exceptions: 32
[2025-01-08 07:11:26] CPU Usage: 0.0%, Memory Usage: 29824 KB
[2025-01-08 07:11:26] Application Events - Started: 0, Stopped: 0, Restarted: 0
[2025-01-08 07:11:27] Telemetry monitoring completed.
[2025-01-08 07:12:01] Starting telemetry monitoring...
[2025-01-08 07:12:02] PM2 (php-server) Errors: 10, Exceptions: 32
[2025-01-08 07:12:02] CPU Usage: 0.0%, Memory Usage: 29824 KB
[2025-01-08 07:12:03] Application Events - Started: 0, Stopped: 0, Restarted: 0
[2025-01-08 07:12:04] Telemetry monitoring completed.
[2025-01-08 07:12:52] Starting telemetry monitoring...
[2025-01-08 07:12:52] PM2 (php-server) Errors: 10, Exceptions: 32
[2025-01-08 07:12:54] CPU Usage: 0.0%, Memory Usage: 29824 KB
[2025-01-08 07:12:54] Application Events - Started: 0, Stopped: 0, Restarted: 0
[2025-01-08 07:12:55] Telemetry monitoring completed.
[2025-01-08 07:13:01] Starting telemetry monitoring...
[2025-01-08 07:13:02] PM2 (php-server) Errors: 10, Exceptions: 32
[2025-01-08 07:13:03] CPU Usage: 0.0%, Memory Usage: 29824 KB
[2025-01-08 07:13:03] Application Events - Started: 0, Stopped: 0, Restarted: 0
[2025-01-08 07:13:04] Telemetry monitoring completed.
[2025-01-08 07:14:01] Starting telemetry monitoring...
[2025-01-08 07:14:02] PM2 (php-server) Errors: 10, Exceptions: 32
[2025-01-08 07:14:02] CPU Usage: 0.0%, Memory Usage: 29824 KB
[2025-01-08 07:14:03] Application Events - Started: 0, Stopped: 0, Restarted: 0
[2025-01-08 07:14:04] Telemetry monitoring completed.
[2025-01-08 07:15:01] Starting telemetry monitoring...
[2025-01-08 07:15:02] PM2 (php-server) Errors: 10, Exceptions: 32
[2025-01-08 07:15:02] CPU Usage: 0.0%, Memory Usage: 29824 KB
[2025-01-08 07:15:03] Application Events - Started: 0, Stopped: 0, Restarted: 0
[2025-01-08 07:15:03] Telemetry monitoring completed.
[2025-01-08 07:16:01] Starting telemetry monitoring...
[2025-01-08 07:16:02] PM2 (php-server) Errors: 10, Exceptions: 32
[2025-01-08 07:16:02] CPU Usage: 0.0%, Memory Usage: 29824 KB
[2025-01-08 07:16:03] Application Events - Started: 0, Stopped: 0, Restarted: 0
[2025-01-08 07:16:03] Telemetry monitoring completed.
[2025-01-08 07:17:01] Starting telemetry monitoring...
[2025-01-08 07:17:01] PM2 (php-server) Errors: 10, Exceptions: 32
[2025-01-08 07:17:02] CPU Usage: 0.0%, Memory Usage: 29824 KB
[2025-01-08 07:17:02] Application Events - Started: 0, Stopped: 0, Restarted: 0
[2025-01-08 07:17:03] Telemetry monitoring completed.
[2025-01-08 07:18:01] Starting telemetry monitoring...
[2025-01-08 07:18:01] PM2 (php-server) Errors: 10, Exceptions: 32
[2025-01-08 07:18:02] CPU Usage: 0.0%, Memory Usage: 29824 KB
[2025-01-08 07:18:02] Application Events - Started: 0, Stopped: 0, Restarted: 0
[2025-01-08 07:18:03] Telemetry monitoring completed.
[2025-01-08 07:19:01] Starting telemetry monitoring...
[2025-01-08 07:19:02] PM2 (php-server) Errors: 10, Exceptions: 32
[2025-01-08 07:19:03] CPU Usage: 0.0%, Memory Usage: 29824 KB
[2025-01-08 07:19:03] Application Events - Started: 0, Stopped: 0, Restarted: 0
[2025-01-08 07:19:04] Telemetry monitoring completed.
[2025-01-08 07:20:01] Starting telemetry monitoring...
[2025-01-08 07:20:02] PM2 (php-server) Errors: 10, Exceptions: 32
[2025-01-08 07:20:02] CPU Usage: 0.0%, Memory Usage: 29824 KB
[2025-01-08 07:20:03] Application Events - Started: 0, Stopped: 0, Restarted: 0
[2025-01-08 07:20:04] Telemetry monitoring completed.
[2025-01-08 07:21:01] Starting telemetry monitoring...
[2025-01-08 07:21:02] PM2 (php-server) Errors: 10, Exceptions: 32
[2025-01-08 07:21:02] CPU Usage: 0.0%, Memory Usage: 29824 KB
[2025-01-08 07:21:03] Application Events - Started: 0, Stopped: 0, Restarted: 0
[2025-01-08 07:21:03] Telemetry monitoring completed.
[2025-01-08 07:22:01] Starting telemetry monitoring...
[2025-01-08 07:22:02] PM2 (php-server) Errors: 10, Exceptions: 32
[2025-01-08 07:22:02] CPU Usage: 0.0%, Memory Usage: 29824 KB
[2025-01-08 07:22:03] Application Events - Started: 0, Stopped: 0, Restarted: 0
[2025-01-08 07:22:04] Telemetry monitoring completed.
[2025-01-08 07:23:01] Starting telemetry monitoring...
[2025-01-08 07:23:02] PM2 (php-server) Errors: 10, Exceptions: 32
[2025-01-08 07:23:02] CPU Usage: 0.0%, Memory Usage: 29824 KB
[2025-01-08 07:23:03] Application Events - Started: 0, Stopped: 0, Restarted: 0
[2025-01-08 07:23:03] Telemetry monitoring completed.
[2025-01-08 07:24:01] Starting telemetry monitoring...
[2025-01-08 07:24:02] PM2 (php-server) Errors: 10, Exceptions: 32
[2025-01-08 07:24:02] CPU Usage: 0.0%, Memory Usage: 29824 KB
[2025-01-08 07:24:03] Application Events - Started: 0, Stopped: 0, Restarted: 0
[2025-01-08 07:24:03] Telemetry monitoring completed.
[2025-01-08 07:25:01] Starting telemetry monitoring...
[2025-01-08 07:25:01] PM2 (php-server) Errors: 10, Exceptions: 32
[2025-01-08 07:25:02] CPU Usage: 0.0%, Memory Usage: 29824 KB
[2025-01-08 07:25:02] Application Events - Started: 0, Stopped: 0, Restarted: 0
[2025-01-08 07:25:03] Telemetry monitoring completed.
[2025-01-08 07:26:01] Starting telemetry monitoring...
[2025-01-08 07:26:01] PM2 (php-server) Errors: 10, Exceptions: 32
[2025-01-08 07:26:02] CPU Usage: 0.0%, Memory Usage: 29824 KB
[2025-01-08 07:26:02] Application Events - Started: 0, Stopped: 0, Restarted: 0
[2025-01-08 07:26:03] Telemetry monitoring completed.
[2025-01-08 07:27:01] Starting telemetry monitoring...
[2025-01-08 07:27:02] PM2 (php-server) Errors: 10, Exceptions: 32
[2025-01-08 07:27:03] CPU Usage: 0.0%, Memory Usage: 29824 KB
[2025-01-08 07:27:03] Application Events - Started: 0, Stopped: 0, Restarted: 0
[2025-01-08 07:27:04] Telemetry monitoring completed.
[2025-01-08 07:28:01] Starting telemetry monitoring...
[2025-01-08 07:28:01] PM2 (php-server) Errors: 10, Exceptions: 32
[2025-01-08 07:28:02] CPU Usage: 0.0%, Memory Usage: 29824 KB
[2025-01-08 07:28:02] Application Events - Started: 0, Stopped: 0, Restarted: 0
[2025-01-08 07:28:03] Telemetry monitoring completed.
[2025-01-08 07:29:01] Starting telemetry monitoring...
[2025-01-08 07:29:02] PM2 (php-server) Errors: 10, Exceptions: 32
[2025-01-08 07:29:03] CPU Usage: 0.0%, Memory Usage: 29824 KB
[2025-01-08 07:29:03] Application Events - Started: 0, Stopped: 0, Restarted: 0
[2025-01-08 07:29:04] Telemetry monitoring completed.
[2025-01-08 07:30:01] Starting telemetry monitoring...
[2025-01-08 07:30:02] PM2 (php-server) Errors: 10, Exceptions: 32
[2025-01-08 07:30:02] CPU Usage: 0.0%, Memory Usage: 29824 KB
[2025-01-08 07:30:03] Application Events - Started: 0, Stopped: 0, Restarted: 0
[2025-01-08 07:30:04] Telemetry monitoring completed.
[2025-01-08 07:31:01] Starting telemetry monitoring...
[2025-01-08 07:31:02] PM2 (php-server) Errors: 10, Exceptions: 32
[2025-01-08 07:31:02] CPU Usage: 0.0%, Memory Usage: 29824 KB
[2025-01-08 07:31:03] Application Events - Started: 0, Stopped: 0, Restarted: 0
[2025-01-08 07:31:03] Telemetry monitoring completed.
[2025-01-08 07:32:01] Starting telemetry monitoring...
[2025-01-08 07:32:01] PM2 (php-server) Errors: 10, Exceptions: 32
[2025-01-08 07:32:02] CPU Usage: 0.0%, Memory Usage: 29824 KB
[2025-01-08 07:32:03] Application Events - Started: 0, Stopped: 0, Restarted: 0
[2025-01-08 07:32:03] Telemetry monitoring completed.
[2025-01-08 07:33:01] Starting telemetry monitoring...
[2025-01-08 07:33:01] PM2 (php-server) Errors: 10, Exceptions: 32
[2025-01-08 07:33:02] CPU Usage: 0.0%, Memory Usage: 29824 KB
[2025-01-08 07:33:02] Application Events - Started: 0, Stopped: 0, Restarted: 0
[2025-01-08 07:33:03] Telemetry monitoring completed.
[2025-01-08 07:34:01] Starting telemetry monitoring...
[2025-01-08 07:34:02] PM2 (php-server) Errors: 10, Exceptions: 32
[2025-01-08 07:34:03] CPU Usage: 0.0%, Memory Usage: 29824 KB
[2025-01-08 07:34:03] Application Events - Started: 0, Stopped: 0, Restarted: 0
[2025-01-08 07:34:04] Telemetry monitoring completed.
[2025-01-08 07:35:01] Starting telemetry monitoring...
[2025-01-08 07:35:02] PM2 (php-server) Errors: 10, Exceptions: 32
[2025-01-08 07:35:02] CPU Usage: 0.0%, Memory Usage: 29824 KB
[2025-01-08 07:35:03] Application Events - Started: 0, Stopped: 0, Restarted: 0
[2025-01-08 07:35:04] Telemetry monitoring completed.
[2025-01-08 07:36:01] Starting telemetry monitoring...
[2025-01-08 07:36:02] PM2 (php-server) Errors: 10, Exceptions: 32
[2025-01-08 07:36:03] CPU Usage: 0.0%, Memory Usage: 29824 KB
[2025-01-08 07:36:03] Application Events - Started: 0, Stopped: 0, Restarted: 0
[2025-01-08 07:36:04] Telemetry monitoring completed.
[2025-01-08 07:37:01] Starting telemetry monitoring...
[2025-01-08 07:37:02] PM2 (php-server) Errors: 10, Exceptions: 32
[2025-01-08 07:37:02] CPU Usage: 0.0%, Memory Usage: 29824 KB
[2025-01-08 07:37:03] Application Events - Started: 0, Stopped: 0, Restarted: 0
[2025-01-08 07:37:04] Telemetry monitoring completed.
[2025-01-08 07:38:01] Starting telemetry monitoring...
[2025-01-08 07:38:02] PM2 (php-server) Errors: 10, Exceptions: 32
[2025-01-08 07:38:02] CPU Usage: 0.0%, Memory Usage: 20736 KB
[2025-01-08 07:38:03] Application Events - Started: 0, Stopped: 0, Restarted: 0
[2025-01-08 07:38:04] Telemetry monitoring completed.
[2025-01-08 07:39:01] Starting telemetry monitoring...
[2025-01-08 07:39:02] PM2 (php-server) Errors: 10, Exceptions: 32
[2025-01-08 07:39:02] CPU Usage: 0.0%, Memory Usage: 20736 KB
[2025-01-08 07:39:03] Application Events - Started: 0, Stopped: 0, Restarted: 0
[2025-01-08 07:39:03] Telemetry monitoring completed.
[2025-01-08 07:40:01] Starting telemetry monitoring...
[2025-01-08 07:40:02] PM2 (php-server) Errors: 10, Exceptions: 32
[2025-01-08 07:40:02] CPU Usage: 0.0%, Memory Usage: 20736 KB
[2025-01-08 07:40:03] Application Events - Started: 0, Stopped: 0, Restarted: 0
[2025-01-08 07:40:03] Telemetry monitoring completed.
[2025-01-08 07:41:01] Starting telemetry monitoring...
[2025-01-08 07:41:01] PM2 (php-server) Errors: 10, Exceptions: 32
[2025-01-08 07:41:02] CPU Usage: 0.0%, Memory Usage: 20736 KB
[2025-01-08 07:41:02] Application Events - Started: 0, Stopped: 0, Restarted: 0
[2025-01-08 07:41:03] Telemetry monitoring completed.
[2025-01-08 07:42:01] Starting telemetry monitoring...
[2025-01-08 07:42:01] PM2 (php-server) Errors: 10, Exceptions: 32
[2025-01-08 07:42:02] CPU Usage: 0.0%, Memory Usage: 20736 KB
[2025-01-08 07:42:02] Application Events - Started: 0, Stopped: 0, Restarted: 0
[2025-01-08 07:42:03] Telemetry monitoring completed.
[2025-01-08 07:43:01] Starting telemetry monitoring...
[2025-01-08 07:43:02] PM2 (php-server) Errors: 10, Exceptions: 32
[2025-01-08 07:43:03] CPU Usage: 0.0%, Memory Usage: 20736 KB
[2025-01-08 07:43:03] Application Events - Started: 0, Stopped: 0, Restarted: 0
[2025-01-08 07:43:04] Telemetry monitoring completed.
[2025-01-08 07:44:01] Starting telemetry monitoring...
[2025-01-08 07:44:02] PM2 (php-server) Errors: 10, Exceptions: 32
[2025-01-08 07:44:02] CPU Usage: 0.0%, Memory Usage: 20736 KB
[2025-01-08 07:44:03] Application Events - Started: 0, Stopped: 0, Restarted: 0
[2025-01-08 07:44:03] Telemetry monitoring completed.
[2025-01-08 07:45:01] Starting telemetry monitoring...
[2025-01-08 07:45:02] PM2 (php-server) Errors: 10, Exceptions: 32
[2025-01-08 07:45:02] CPU Usage: 0.0%, Memory Usage: 20736 KB
[2025-01-08 07:45:03] Application Events - Started: 0, Stopped: 0, Restarted: 0
[2025-01-08 07:45:03] Telemetry monitoring completed.
[2025-01-08 07:46:01] Starting telemetry monitoring...
[2025-01-08 07:46:02] PM2 (php-server) Errors: 10, Exceptions: 32
[2025-01-08 07:46:02] CPU Usage: 0.0%, Memory Usage: 20736 KB
[2025-01-08 07:46:03] Application Events - Started: 0, Stopped: 0, Restarted: 0
[2025-01-08 07:46:03] Telemetry monitoring completed.
[2025-01-08 07:47:01] Starting telemetry monitoring...
[2025-01-08 07:47:01] PM2 (php-server) Errors: 10, Exceptions: 32
[2025-01-08 07:47:02] CPU Usage: 0.0%, Memory Usage: 20736 KB
[2025-01-08 07:47:03] Application Events - Started: 0, Stopped: 0, Restarted: 0
[2025-01-08 07:47:03] Telemetry monitoring completed.
[2025-01-08 07:48:01] Starting telemetry monitoring...
[2025-01-08 07:48:01] PM2 (php-server) Errors: 10, Exceptions: 32
[2025-01-08 07:48:02] CPU Usage: 0.0%, Memory Usage: 20736 KB
[2025-01-08 07:48:02] Application Events - Started: 0, Stopped: 0, Restarted: 0
[2025-01-08 07:48:03] Telemetry monitoring completed.
[2025-01-08 07:49:01] Starting telemetry monitoring...
[2025-01-08 07:49:01] PM2 (php-server) Errors: 10, Exceptions: 32
[2025-01-08 07:49:02] CPU Usage: 0.0%, Memory Usage: 20736 KB
[2025-01-08 07:49:02] Application Events - Started: 0, Stopped: 0, Restarted: 0
[2025-01-08 07:49:03] Telemetry monitoring completed.
[2025-01-08 07:50:01] Starting telemetry monitoring...
[2025-01-08 07:50:02] PM2 (php-server) Errors: 10, Exceptions: 32
[2025-01-08 07:50:03] CPU Usage: 0.0%, Memory Usage: 20736 KB
[2025-01-08 07:50:03] Application Events - Started: 0, Stopped: 0, Restarted: 0
[2025-01-08 07:50:04] Telemetry monitoring completed.
[2025-01-08 07:51:01] Starting telemetry monitoring...
[2025-01-08 07:51:02] PM2 (php-server) Errors: 10, Exceptions: 32
[2025-01-08 07:51:02] CPU Usage: 0.0%, Memory Usage: 20736 KB
[2025-01-08 07:51:03] Application Events - Started: 0, Stopped: 0, Restarted: 0
[2025-01-08 07:51:03] Telemetry monitoring completed.
[2025-01-08 07:52:01] Starting telemetry monitoring...
[2025-01-08 07:52:02] PM2 (php-server) Errors: 10, Exceptions: 32
[2025-01-08 07:52:02] CPU Usage: 0.0%, Memory Usage: 20736 KB
[2025-01-08 07:52:03] Application Events - Started: 0, Stopped: 0, Restarted: 0
[2025-01-08 07:52:03] Telemetry monitoring completed.
[2025-01-08 07:53:01] Starting telemetry monitoring...
[2025-01-08 07:53:01] PM2 (php-server) Errors: 10, Exceptions: 32
[2025-01-08 07:53:02] CPU Usage: 0.0%, Memory Usage: 20736 KB
[2025-01-08 07:53:03] Application Events - Started: 0, Stopped: 0, Restarted: 0
[2025-01-08 07:53:03] Telemetry monitoring completed.
[2025-01-08 07:54:01] Starting telemetry monitoring...
[2025-01-08 07:54:01] PM2 (php-server) Errors: 10, Exceptions: 32
[2025-01-08 07:54:02] CPU Usage: 0.0%, Memory Usage: 20736 KB
[2025-01-08 07:54:02] Application Events - Started: 0, Stopped: 0, Restarted: 0
[2025-01-08 07:54:03] Telemetry monitoring completed.
[2025-01-08 07:55:01] Starting telemetry monitoring...
[2025-01-08 07:55:01] PM2 (php-server) Errors: 10, Exceptions: 32
[2025-01-08 07:55:02] CPU Usage: 0.0%, Memory Usage: 20736 KB
[2025-01-08 07:55:02] Application Events - Started: 0, Stopped: 0, Restarted: 0
[2025-01-08 07:55:03] Telemetry monitoring completed.
[2025-01-08 07:56:01] Starting telemetry monitoring...
[2025-01-08 07:56:02] PM2 (php-server) Errors: 10, Exceptions: 32
[2025-01-08 07:56:03] CPU Usage: 0.0%, Memory Usage: 20736 KB
[2025-01-08 07:56:03] Application Events - Started: 0, Stopped: 0, Restarted: 0
[2025-01-08 07:56:04] Telemetry monitoring completed.
[2025-01-08 07:57:01] Starting telemetry monitoring...
[2025-01-08 07:57:02] PM2 (php-server) Errors: 10, Exceptions: 32
[2025-01-08 07:57:02] CPU Usage: 0.0%, Memory Usage: 20736 KB
[2025-01-08 07:57:03] Application Events - Started: 0, Stopped: 0, Restarted: 0
[2025-01-08 07:57:04] Telemetry monitoring completed.
[2025-01-08 07:58:01] Starting telemetry monitoring...
[2025-01-08 07:58:02] PM2 (php-server) Errors: 10, Exceptions: 32
[2025-01-08 07:58:02] CPU Usage: 0.0%, Memory Usage: 20736 KB
[2025-01-08 07:58:03] Application Events - Started: 0, Stopped: 0, Restarted: 0
[2025-01-08 07:58:04] Telemetry monitoring completed.
[2025-01-08 07:59:01] Starting telemetry monitoring...
[2025-01-08 07:59:02] PM2 (php-server) Errors: 10, Exceptions: 32
[2025-01-08 07:59:02] CPU Usage: 0.0%, Memory Usage: 20736 KB
[2025-01-08 07:59:03] Application Events - Started: 0, Stopped: 0, Restarted: 0
[2025-01-08 07:59:03] Telemetry monitoring completed.
[2025-01-08 08:00:01] Starting telemetry monitoring...
[2025-01-08 08:00:02] PM2 (php-server) Errors: 10, Exceptions: 32
[2025-01-08 08:00:02] CPU Usage: 0.0%, Memory Usage: 20736 KB
[2025-01-08 08:00:03] Application Events - Started: 0, Stopped: 0, Restarted: 0
[2025-01-08 08:00:03] Telemetry monitoring completed.
[2025-01-08 08:01:01] Starting telemetry monitoring...
[2025-01-08 08:01:01] PM2 (php-server) Errors: 10, Exceptions: 32
[2025-01-08 08:01:02] CPU Usage: 0.0%, Memory Usage: 20736 KB
[2025-01-08 08:01:03] Application Events - Started: 0, Stopped: 0, Restarted: 0
[2025-01-08 08:01:03] Telemetry monitoring completed.
[2025-01-08 08:02:01] Starting telemetry monitoring...
[2025-01-08 08:02:01] PM2 (php-server) Errors: 10, Exceptions: 32
[2025-01-08 08:02:02] CPU Usage: 0.0%, Memory Usage: 20736 KB
[2025-01-08 08:02:02] Application Events - Started: 0, Stopped: 0, Restarted: 0
[2025-01-08 08:02:03] Telemetry monitoring completed.
[2025-01-08 08:03:01] Starting telemetry monitoring...
[2025-01-08 08:03:02] PM2 (php-server) Errors: 10, Exceptions: 32
[2025-01-08 08:03:03] CPU Usage: 0.0%, Memory Usage: 20736 KB
[2025-01-08 08:03:03] Application Events - Started: 0, Stopped: 0, Restarted: 0
[2025-01-08 08:03:04] Telemetry monitoring completed.
[2025-01-08 08:04:01] Starting telemetry monitoring...
[2025-01-08 08:04:02] PM2 (php-server) Errors: 10, Exceptions: 32
[2025-01-08 08:04:02] CPU Usage: 0.0%, Memory Usage: 20736 KB
[2025-01-08 08:04:03] Application Events - Started: 0, Stopped: 0, Restarted: 0
[2025-01-08 08:04:03] Telemetry monitoring completed.
[2025-01-08 08:05:01] Starting telemetry monitoring...
[2025-01-08 08:05:02] PM2 (php-server) Errors: 10, Exceptions: 32
[2025-01-08 08:05:02] CPU Usage: 0.0%, Memory Usage: 20736 KB
[2025-01-08 08:05:03] Application Events - Started: 0, Stopped: 0, Restarted: 0
[2025-01-08 08:05:03] Telemetry monitoring completed.
[2025-01-08 08:06:01] Starting telemetry monitoring...
[2025-01-08 08:06:01] PM2 (php-server) Errors: 10, Exceptions: 32
[2025-01-08 08:06:02] CPU Usage: 0.0%, Memory Usage: 20736 KB
[2025-01-08 08:06:03] Application Events - Started: 0, Stopped: 0, Restarted: 0
[2025-01-08 08:06:03] Telemetry monitoring completed.
[2025-01-08 08:07:01] Starting telemetry monitoring...
[2025-01-08 08:07:01] PM2 (php-server) Errors: 10, Exceptions: 32
[2025-01-08 08:07:02] CPU Usage: 0.0%, Memory Usage: 20736 KB
[2025-01-08 08:07:02] Application Events - Started: 0, Stopped: 0, Restarted: 0
[2025-01-08 08:07:03] Telemetry monitoring completed.
[2025-01-08 08:07:18] Starting telemetry monitoring...
[2025-01-08 08:07:18] PM2 (php-server) Errors: 10, Exceptions: 32
[2025-01-08 08:07:19] CPU Usage: 0.0%, Memory Usage: 20736 KB
[2025-01-08 08:07:19] Application Events - Started: 0, Stopped: 0, Restarted: 0
[2025-01-08 08:07:20] Telemetry monitoring completed.
[2025-01-08 08:08:01] Starting telemetry monitoring...
[2025-01-08 08:08:01] PM2 (php-server) Errors: 10, Exceptions: 32
[2025-01-08 08:08:02] CPU Usage: 0.0%, Memory Usage: 20736 KB
[2025-01-08 08:08:02] Application Events - Started: 0, Stopped: 0, Restarted: 0
[2025-01-08 08:08:03] Telemetry monitoring completed.
[2025-01-08 08:09:01] Starting telemetry monitoring...
[2025-01-08 08:09:02] PM2 (php-server) Errors: 10, Exceptions: 32
[2025-01-08 08:09:03] CPU Usage: 0.0%, Memory Usage: 20736 KB
[2025-01-08 08:09:03] Application Events - Started: 0, Stopped: 0, Restarted: 0
[2025-01-08 08:09:04] Telemetry monitoring completed.
